<?xml version="1.0" encoding="UTF-8"?>
<coverage generated="1663612323797" clover="3.2.0">
  <project timestamp="1663612323797" name="All files">
    <metrics statements="135" coveredstatements="114" conditionals="21" coveredconditionals="15" methods="44" coveredmethods="33" elements="200" coveredelements="162" complexity="0" loc="135" ncloc="135" packages="6" files="12" classes="12"/>
    <package name="src">
      <metrics statements="1" coveredstatements="1" conditionals="0" coveredconditionals="0" methods="1" coveredmethods="1"/>
      <file name="App.js" path="/home/fernando/Documentos/projects-turma23/sd-023-b-project-trybewallet/src/App.js">
        <metrics statements="1" coveredstatements="1" conditionals="0" coveredconditionals="0" methods="1" coveredmethods="1"/>
        <line num="7" count="5" type="stmt"/>
      </file>
    </package>
    <package name="src.components">
      <metrics statements="56" coveredstatements="40" conditionals="4" coveredconditionals="2" methods="19" coveredmethods="12"/>
      <file name="Header.js" path="/home/fernando/Documentos/projects-turma23/sd-023-b-project-trybewallet/src/components/Header.js">
        <metrics statements="4" coveredstatements="4" conditionals="0" coveredconditionals="0" methods="2" coveredmethods="2"/>
        <line num="7" count="3" type="stmt"/>
        <line num="8" count="3" type="stmt"/>
        <line num="29" count="10" type="stmt"/>
        <line num="34" count="2" type="stmt"/>
      </file>
      <file name="Table.js" path="/home/fernando/Documentos/projects-turma23/sd-023-b-project-trybewallet/src/components/Table.js">
        <metrics statements="21" coveredstatements="7" conditionals="0" coveredconditionals="0" methods="8" coveredmethods="3"/>
        <line num="7" count="3" type="stmt"/>
        <line num="8" count="0" type="stmt"/>
        <line num="9" count="0" type="stmt"/>
        <line num="10" count="0" type="stmt"/>
        <line num="11" count="0" type="stmt"/>
        <line num="12" count="0" type="stmt"/>
        <line num="13" count="0" type="stmt"/>
        <line num="14" count="0" type="stmt"/>
        <line num="15" count="0" type="stmt"/>
        <line num="16" count="0" type="stmt"/>
        <line num="17" count="0" type="stmt"/>
        <line num="19" count="0" type="stmt"/>
        <line num="22" count="3" type="stmt"/>
        <line num="23" count="0" type="stmt"/>
        <line num="25" count="0" type="stmt"/>
        <line num="29" count="4" type="stmt"/>
        <line num="30" count="4" type="stmt"/>
        <line num="48" count="1" type="stmt"/>
        <line num="61" count="0" type="stmt"/>
        <line num="83" count="10" type="stmt"/>
        <line num="87" count="2" type="stmt"/>
      </file>
      <file name="WalletForm.js" path="/home/fernando/Documentos/projects-turma23/sd-023-b-project-trybewallet/src/components/WalletForm.js">
        <metrics statements="31" coveredstatements="29" conditionals="4" coveredconditionals="2" methods="9" coveredmethods="7"/>
        <line num="8" count="2" type="stmt"/>
        <line num="11" count="3" type="stmt"/>
        <line num="21" count="3" type="stmt"/>
        <line num="22" count="3" type="stmt"/>
        <line num="25" count="3" type="stmt"/>
        <line num="26" count="14" type="stmt"/>
        <line num="27" count="14" type="cond" truecount="1" falsecount="1"/>
        <line num="28" count="14" type="stmt"/>
        <line num="33" count="3" type="stmt"/>
        <line num="34" count="1" type="stmt"/>
        <line num="35" count="1" type="stmt"/>
        <line num="36" count="1" type="stmt"/>
        <line num="37" count="1" type="stmt"/>
        <line num="38" count="1" type="stmt"/>
        <line num="41" count="1" type="stmt"/>
        <line num="50" count="1" type="stmt"/>
        <line num="51" count="1" type="stmt"/>
        <line num="52" count="1" type="stmt"/>
        <line num="61" count="3" type="stmt"/>
        <line num="62" count="0" type="stmt"/>
        <line num="66" count="21" type="stmt"/>
        <line num="67" count="21" type="stmt"/>
        <line num="68" count="21" type="stmt"/>
        <line num="70" count="21" type="stmt"/>
        <line num="78" count="21" type="stmt"/>
        <line num="80" count="0" type="stmt"/>
        <line num="85" count="21" type="stmt"/>
        <line num="111" count="60" type="stmt"/>
        <line num="160" count="105" type="stmt"/>
        <line num="179" count="10" type="stmt"/>
        <line num="184" count="2" type="stmt"/>
      </file>
    </package>
    <package name="src.pages">
      <metrics statements="25" coveredstatements="25" conditionals="2" coveredconditionals="2" methods="7" coveredmethods="7"/>
      <file name="Login.js" path="/home/fernando/Documentos/projects-turma23/sd-023-b-project-trybewallet/src/pages/Login.js">
        <metrics statements="24" coveredstatements="24" conditionals="2" coveredconditionals="2" methods="6" coveredmethods="6"/>
        <line num="8" count="3" type="stmt"/>
        <line num="9" count="3" type="stmt"/>
        <line num="16" count="3" type="stmt"/>
        <line num="17" count="40" type="stmt"/>
        <line num="18" count="40" type="stmt"/>
        <line num="19" count="40" type="stmt"/>
        <line num="20" count="40" type="stmt"/>
        <line num="21" count="40" type="cond" truecount="2" falsecount="0"/>
        <line num="22" count="40" type="stmt"/>
        <line num="27" count="3" type="stmt"/>
        <line num="28" count="40" type="stmt"/>
        <line num="29" count="40" type="stmt"/>
        <line num="31" count="40" type="stmt"/>
        <line num="34" count="3" type="stmt"/>
        <line num="35" count="1" type="stmt"/>
        <line num="37" count="1" type="stmt"/>
        <line num="38" count="1" type="stmt"/>
        <line num="39" count="1" type="stmt"/>
        <line num="41" count="1" type="stmt"/>
        <line num="42" count="1" type="stmt"/>
        <line num="46" count="83" type="stmt"/>
        <line num="48" count="83" type="stmt"/>
        <line num="87" count="83" type="stmt"/>
        <line num="110" count="2" type="stmt"/>
      </file>
      <file name="Wallet.js" path="/home/fernando/Documentos/projects-turma23/sd-023-b-project-trybewallet/src/pages/Wallet.js">
        <metrics statements="1" coveredstatements="1" conditionals="0" coveredconditionals="0" methods="1" coveredmethods="1"/>
        <line num="8" count="3" type="stmt"/>
      </file>
    </package>
    <package name="src.redux.actions">
      <metrics statements="29" coveredstatements="28" conditionals="2" coveredconditionals="2" methods="14" coveredmethods="10"/>
      <file name="actionTypes.js" path="/home/fernando/Documentos/projects-turma23/sd-023-b-project-trybewallet/src/redux/actions/actionTypes.js">
        <metrics statements="9" coveredstatements="9" conditionals="0" coveredconditionals="0" methods="0" coveredmethods="0"/>
        <line num="1" count="2" type="stmt"/>
        <line num="2" count="2" type="stmt"/>
        <line num="3" count="2" type="stmt"/>
        <line num="4" count="2" type="stmt"/>
        <line num="5" count="2" type="stmt"/>
        <line num="6" count="2" type="stmt"/>
        <line num="7" count="2" type="stmt"/>
        <line num="8" count="2" type="stmt"/>
        <line num="9" count="2" type="stmt"/>
      </file>
      <file name="index.js" path="/home/fernando/Documentos/projects-turma23/sd-023-b-project-trybewallet/src/redux/actions/index.js">
        <metrics statements="20" coveredstatements="19" conditionals="2" coveredconditionals="2" methods="14" coveredmethods="10"/>
        <line num="15" count="3" type="stmt"/>
        <line num="19" count="2" type="stmt"/>
        <line num="20" count="2" type="stmt"/>
        <line num="21" count="32" type="cond" truecount="2" falsecount="0"/>
        <line num="23" count="2" type="stmt"/>
        <line num="26" count="2" type="stmt"/>
        <line num="28" count="2" type="stmt"/>
        <line num="34" count="2" type="stmt"/>
        <line num="39" count="3" type="stmt"/>
        <line num="40" count="3" type="stmt"/>
        <line num="42" count="3" type="stmt"/>
        <line num="43" count="3" type="stmt"/>
        <line num="44" count="2" type="stmt"/>
        <line num="46" count="0" type="stmt"/>
        <line num="52" count="2" type="stmt"/>
        <line num="59" count="2" type="stmt"/>
        <line num="65" count="1" type="stmt"/>
        <line num="71" count="2" type="stmt"/>
        <line num="76" count="2" type="stmt"/>
        <line num="81" count="2" type="stmt"/>
      </file>
    </package>
    <package name="src.redux.reducers">
      <metrics statements="19" coveredstatements="15" conditionals="13" coveredconditionals="9" methods="2" coveredmethods="2"/>
      <file name="index.js" path="/home/fernando/Documentos/projects-turma23/sd-023-b-project-trybewallet/src/redux/reducers/index.js">
        <metrics statements="1" coveredstatements="1" conditionals="0" coveredconditionals="0" methods="0" coveredmethods="0"/>
        <line num="5" count="2" type="stmt"/>
      </file>
      <file name="user.js" path="/home/fernando/Documentos/projects-turma23/sd-023-b-project-trybewallet/src/redux/reducers/user.js">
        <metrics statements="5" coveredstatements="5" conditionals="3" coveredconditionals="3" methods="1" coveredmethods="1"/>
        <line num="3" count="2" type="stmt"/>
        <line num="7" count="2" type="cond" truecount="1" falsecount="0"/>
        <line num="8" count="17" type="cond" truecount="2" falsecount="0"/>
        <line num="10" count="1" type="stmt"/>
        <line num="15" count="16" type="stmt"/>
      </file>
      <file name="wallet.js" path="/home/fernando/Documentos/projects-turma23/sd-023-b-project-trybewallet/src/redux/reducers/wallet.js">
        <metrics statements="13" coveredstatements="9" conditionals="10" coveredconditionals="6" methods="1" coveredmethods="1"/>
        <line num="11" count="2" type="stmt"/>
        <line num="22" count="2" type="cond" truecount="1" falsecount="0"/>
        <line num="23" count="17" type="stmt"/>
        <line num="24" count="17" type="cond" truecount="5" falsecount="4"/>
        <line num="26" count="3" type="stmt"/>
        <line num="31" count="0" type="stmt"/>
        <line num="37" count="2" type="stmt"/>
        <line num="43" count="1" type="stmt"/>
        <line num="48" count="1" type="stmt"/>
        <line num="53" count="0" type="stmt"/>
        <line num="58" count="0" type="stmt"/>
        <line num="63" count="0" type="stmt"/>
        <line num="68" count="10" type="stmt"/>
      </file>
    </package>
    <package name="src.services">
      <metrics statements="5" coveredstatements="5" conditionals="0" coveredconditionals="0" methods="1" coveredmethods="1"/>
      <file name="fetchApi.js" path="/home/fernando/Documentos/projects-turma23/sd-023-b-project-trybewallet/src/services/fetchApi.js">
        <metrics statements="5" coveredstatements="5" conditionals="0" coveredconditionals="0" methods="1" coveredmethods="1"/>
        <line num="1" count="2" type="stmt"/>
        <line num="2" count="4" type="stmt"/>
        <line num="3" count="4" type="stmt"/>
        <line num="4" count="3" type="stmt"/>
        <line num="6" count="3" type="stmt"/>
      </file>
    </package>
  </project>
</coverage>
