{"/home/fernando/Documentos/projects-turma23/sd-023-b-project-trybewallet/src/App.js": {"path":"/home/fernando/Documentos/projects-turma23/sd-023-b-project-trybewallet/src/App.js","statementMap":{"0":{"start":{"line":7,"column":2},"end":{"line":12,"column":4}}},"fnMap":{"0":{"name":"App","decl":{"start":{"line":6,"column":9},"end":{"line":6,"column":12}},"loc":{"start":{"line":6,"column":15},"end":{"line":13,"column":1}},"line":6}},"branchMap":{},"s":{"0":5},"f":{"0":5},"b":{},"_coverageSchema":"1a1c01bbd47fc00a2c39e90264f33305004495a9","hash":"e91f0535ea2ac943e1aaafcf7005287cb71b7792"}
,"/home/fernando/Documentos/projects-turma23/sd-023-b-project-trybewallet/src/components/Header.js": {"path":"/home/fernando/Documentos/projects-turma23/sd-023-b-project-trybewallet/src/components/Header.js","statementMap":{"0":{"start":{"line":7,"column":34},"end":{"line":7,"column":44}},"1":{"start":{"line":8,"column":4},"end":{"line":25,"column":6}},"2":{"start":{"line":29,"column":24},"end":{"line":32,"column":2}},"3":{"start":{"line":29,"column":36},"end":{"line":32,"column":1}},"4":{"start":{"line":34,"column":0},"end":{"line":38,"column":2}}},"fnMap":{"0":{"name":"(anonymous_0)","decl":{"start":{"line":6,"column":2},"end":{"line":6,"column":3}},"loc":{"start":{"line":6,"column":11},"end":{"line":26,"column":3}},"line":6},"1":{"name":"(anonymous_1)","decl":{"start":{"line":29,"column":24},"end":{"line":29,"column":25}},"loc":{"start":{"line":29,"column":36},"end":{"line":32,"column":1}},"line":29}},"branchMap":{},"s":{"0":3,"1":3,"2":2,"3":10,"4":2},"f":{"0":3,"1":10},"b":{},"_coverageSchema":"1a1c01bbd47fc00a2c39e90264f33305004495a9","hash":"ea68d3823158ed7cee5d394b3fe3df59f96c22be"}
,"/home/fernando/Documentos/projects-turma23/sd-023-b-project-trybewallet/src/components/Table.js": {"path":"/home/fernando/Documentos/projects-turma23/sd-023-b-project-trybewallet/src/components/Table.js","statementMap":{"0":{"start":{"line":7,"column":19},"end":{"line":20,"column":3}},"1":{"start":{"line":8,"column":35},"end":{"line":8,"column":45}},"2":{"start":{"line":9,"column":24},"end":{"line":9,"column":79}},"3":{"start":{"line":9,"column":53},"end":{"line":9,"column":77}},"4":{"start":{"line":10,"column":4},"end":{"line":10,"column":41}},"5":{"start":{"line":11,"column":18},"end":{"line":11,"column":19}},"6":{"start":{"line":12,"column":4},"end":{"line":18,"column":7}},"7":{"start":{"line":13,"column":21},"end":{"line":13,"column":56}},"8":{"start":{"line":14,"column":6},"end":{"line":14,"column":26}},"9":{"start":{"line":15,"column":21},"end":{"line":15,"column":34}},"10":{"start":{"line":16,"column":6},"end":{"line":16,"column":26}},"11":{"start":{"line":17,"column":6},"end":{"line":17,"column":33}},"12":{"start":{"line":19,"column":4},"end":{"line":19,"column":37}},"13":{"start":{"line":22,"column":19},"end":{"line":26,"column":3}},"14":{"start":{"line":23,"column":25},"end":{"line":23,"column":35}},"15":{"start":{"line":25,"column":4},"end":{"line":25,"column":30}},"16":{"start":{"line":29,"column":25},"end":{"line":29,"column":35}},"17":{"start":{"line":30,"column":4},"end":{"line":79,"column":6}},"18":{"start":{"line":48,"column":14},"end":{"line":74,"column":19}},"19":{"start":{"line":61,"column":36},"end":{"line":61,"column":55}},"20":{"start":{"line":83,"column":24},"end":{"line":85,"column":2}},"21":{"start":{"line":83,"column":36},"end":{"line":85,"column":1}},"22":{"start":{"line":87,"column":0},"end":{"line":90,"column":2}}},"fnMap":{"0":{"name":"(anonymous_0)","decl":{"start":{"line":7,"column":19},"end":{"line":7,"column":20}},"loc":{"start":{"line":7,"column":35},"end":{"line":20,"column":3}},"line":7},"1":{"name":"(anonymous_1)","decl":{"start":{"line":9,"column":40},"end":{"line":9,"column":41}},"loc":{"start":{"line":9,"column":53},"end":{"line":9,"column":77}},"line":9},"2":{"name":"(anonymous_2)","decl":{"start":{"line":12,"column":24},"end":{"line":12,"column":25}},"loc":{"start":{"line":12,"column":64},"end":{"line":18,"column":5}},"line":12},"3":{"name":"(anonymous_3)","decl":{"start":{"line":22,"column":19},"end":{"line":22,"column":20}},"loc":{"start":{"line":22,"column":25},"end":{"line":26,"column":3}},"line":22},"4":{"name":"(anonymous_4)","decl":{"start":{"line":28,"column":2},"end":{"line":28,"column":3}},"loc":{"start":{"line":28,"column":11},"end":{"line":80,"column":3}},"line":28},"5":{"name":"(anonymous_5)","decl":{"start":{"line":47,"column":12},"end":{"line":47,"column":13}},"loc":{"start":{"line":48,"column":14},"end":{"line":74,"column":19}},"line":48},"6":{"name":"(anonymous_6)","decl":{"start":{"line":61,"column":30},"end":{"line":61,"column":31}},"loc":{"start":{"line":61,"column":36},"end":{"line":61,"column":55}},"line":61},"7":{"name":"(anonymous_7)","decl":{"start":{"line":83,"column":24},"end":{"line":83,"column":25}},"loc":{"start":{"line":83,"column":36},"end":{"line":85,"column":1}},"line":83}},"branchMap":{},"s":{"0":3,"1":0,"2":0,"3":0,"4":0,"5":0,"6":0,"7":0,"8":0,"9":0,"10":0,"11":0,"12":0,"13":3,"14":0,"15":0,"16":4,"17":4,"18":1,"19":0,"20":2,"21":10,"22":2},"f":{"0":0,"1":0,"2":0,"3":0,"4":4,"5":1,"6":0,"7":10},"b":{},"_coverageSchema":"1a1c01bbd47fc00a2c39e90264f33305004495a9","hash":"9c52ad3f9d166610ddb6c47f45aa7d14d7128c27"}
,"/home/fernando/Documentos/projects-turma23/sd-023-b-project-trybewallet/src/components/WalletForm.js": {"path":"/home/fernando/Documentos/projects-turma23/sd-023-b-project-trybewallet/src/components/WalletForm.js","statementMap":{"0":{"start":{"line":8,"column":20},"end":{"line":8,"column":33}},"1":{"start":{"line":11,"column":10},"end":{"line":18,"column":3}},"2":{"start":{"line":21,"column":25},"end":{"line":21,"column":35}},"3":{"start":{"line":22,"column":4},"end":{"line":22,"column":31}},"4":{"start":{"line":25,"column":17},"end":{"line":31,"column":3}},"5":{"start":{"line":26,"column":21},"end":{"line":26,"column":27}},"6":{"start":{"line":27,"column":18},"end":{"line":27,"column":76}},"7":{"start":{"line":28,"column":4},"end":{"line":30,"column":7}},"8":{"start":{"line":33,"column":19},"end":{"line":59,"column":3}},"9":{"start":{"line":34,"column":25},"end":{"line":34,"column":35}},"10":{"start":{"line":35,"column":26},"end":{"line":35,"column":42}},"11":{"start":{"line":36,"column":4},"end":{"line":36,"column":30}},"12":{"start":{"line":37,"column":62},"end":{"line":37,"column":72}},"13":{"start":{"line":38,"column":4},"end":{"line":40,"column":7}},"14":{"start":{"line":41,"column":4},"end":{"line":49,"column":8}},"15":{"start":{"line":50,"column":16},"end":{"line":50,"column":74}},"16":{"start":{"line":51,"column":4},"end":{"line":51,"column":33}},"17":{"start":{"line":52,"column":4},"end":{"line":58,"column":7}},"18":{"start":{"line":61,"column":20},"end":{"line":63,"column":3}},"19":{"start":{"line":62,"column":4},"end":{"line":62,"column":24}},"20":{"start":{"line":66,"column":58},"end":{"line":66,"column":68}},"21":{"start":{"line":67,"column":35},"end":{"line":67,"column":45}},"22":{"start":{"line":68,"column":17},"end":{"line":68,"column":74}},"23":{"start":{"line":70,"column":6},"end":{"line":75,"column":15}},"24":{"start":{"line":78,"column":6},"end":{"line":83,"column":15}},"25":{"start":{"line":80,"column":29},"end":{"line":80,"column":56}},"26":{"start":{"line":85,"column":4},"end":{"line":175,"column":6}},"27":{"start":{"line":111,"column":14},"end":{"line":117,"column":23}},"28":{"start":{"line":160,"column":14},"end":{"line":166,"column":23}},"29":{"start":{"line":179,"column":24},"end":{"line":182,"column":2}},"30":{"start":{"line":179,"column":36},"end":{"line":182,"column":1}},"31":{"start":{"line":184,"column":0},"end":{"line":189,"column":2}}},"fnMap":{"0":{"name":"(anonymous_0)","decl":{"start":{"line":20,"column":2},"end":{"line":20,"column":3}},"loc":{"start":{"line":20,"column":22},"end":{"line":23,"column":3}},"line":20},"1":{"name":"(anonymous_1)","decl":{"start":{"line":25,"column":17},"end":{"line":25,"column":18}},"loc":{"start":{"line":25,"column":33},"end":{"line":31,"column":3}},"line":25},"2":{"name":"(anonymous_2)","decl":{"start":{"line":33,"column":19},"end":{"line":33,"column":20}},"loc":{"start":{"line":33,"column":31},"end":{"line":59,"column":3}},"line":33},"3":{"name":"(anonymous_3)","decl":{"start":{"line":61,"column":20},"end":{"line":61,"column":21}},"loc":{"start":{"line":61,"column":36},"end":{"line":63,"column":3}},"line":61},"4":{"name":"(anonymous_4)","decl":{"start":{"line":65,"column":2},"end":{"line":65,"column":3}},"loc":{"start":{"line":65,"column":11},"end":{"line":176,"column":3}},"line":65},"5":{"name":"(anonymous_5)","decl":{"start":{"line":80,"column":18},"end":{"line":80,"column":19}},"loc":{"start":{"line":80,"column":29},"end":{"line":80,"column":56}},"line":80},"6":{"name":"(anonymous_6)","decl":{"start":{"line":110,"column":29},"end":{"line":110,"column":30}},"loc":{"start":{"line":111,"column":14},"end":{"line":117,"column":23}},"line":111},"7":{"name":"(anonymous_7)","decl":{"start":{"line":159,"column":23},"end":{"line":159,"column":24}},"loc":{"start":{"line":160,"column":14},"end":{"line":166,"column":23}},"line":160},"8":{"name":"(anonymous_8)","decl":{"start":{"line":179,"column":24},"end":{"line":179,"column":25}},"loc":{"start":{"line":179,"column":36},"end":{"line":182,"column":1}},"line":179}},"branchMap":{"0":{"loc":{"start":{"line":27,"column":18},"end":{"line":27,"column":76}},"type":"cond-expr","locations":[{"start":{"line":27,"column":47},"end":{"line":27,"column":61}},{"start":{"line":27,"column":64},"end":{"line":27,"column":76}}],"line":27},"1":{"loc":{"start":{"line":172,"column":10},"end":{"line":172,"column":55}},"type":"cond-expr","locations":[{"start":{"line":172,"column":19},"end":{"line":172,"column":36}},{"start":{"line":172,"column":39},"end":{"line":172,"column":55}}],"line":172}},"s":{"0":2,"1":3,"2":3,"3":3,"4":3,"5":14,"6":14,"7":14,"8":3,"9":1,"10":1,"11":1,"12":1,"13":1,"14":1,"15":1,"16":1,"17":1,"18":3,"19":0,"20":21,"21":21,"22":21,"23":21,"24":21,"25":0,"26":21,"27":60,"28":105,"29":2,"30":10,"31":2},"f":{"0":3,"1":14,"2":1,"3":0,"4":21,"5":0,"6":60,"7":105,"8":10},"b":{"0":[0,14],"1":[0,21]},"_coverageSchema":"1a1c01bbd47fc00a2c39e90264f33305004495a9","hash":"5dde13d1dde050c7c5b128d860ecfbf8f7d1bd24"}
,"/home/fernando/Documentos/projects-turma23/sd-023-b-project-trybewallet/src/pages/Login.js": {"path":"/home/fernando/Documentos/projects-turma23/sd-023-b-project-trybewallet/src/pages/Login.js","statementMap":{"0":{"start":{"line":8,"column":4},"end":{"line":8,"column":12}},"1":{"start":{"line":9,"column":4},"end":{"line":13,"column":6}},"2":{"start":{"line":16,"column":17},"end":{"line":25,"column":3}},"3":{"start":{"line":17,"column":32},"end":{"line":17,"column":42}},"4":{"start":{"line":18,"column":30},"end":{"line":18,"column":31}},"5":{"start":{"line":19,"column":25},"end":{"line":19,"column":72}},"6":{"start":{"line":20,"column":28},"end":{"line":20,"column":63}},"7":{"start":{"line":21,"column":19},"end":{"line":21,"column":50}},"8":{"start":{"line":22,"column":4},"end":{"line":24,"column":7}},"9":{"start":{"line":27,"column":17},"end":{"line":32,"column":3}},"10":{"start":{"line":28,"column":28},"end":{"line":28,"column":34}},"11":{"start":{"line":29,"column":4},"end":{"line":31,"column":34}},"12":{"start":{"line":31,"column":13},"end":{"line":31,"column":32}},"13":{"start":{"line":34,"column":17},"end":{"line":43,"column":3}},"14":{"start":{"line":35,"column":4},"end":{"line":35,"column":27}},"15":{"start":{"line":37,"column":22},"end":{"line":37,"column":32}},"16":{"start":{"line":38,"column":25},"end":{"line":38,"column":35}},"17":{"start":{"line":39,"column":4},"end":{"line":39,"column":31}},"18":{"start":{"line":41,"column":24},"end":{"line":41,"column":34}},"19":{"start":{"line":42,"column":4},"end":{"line":42,"column":30}},"20":{"start":{"line":46,"column":46},"end":{"line":46,"column":56}},"21":{"start":{"line":48,"column":6},"end":{"line":84,"column":13}},"22":{"start":{"line":87,"column":4},"end":{"line":106,"column":6}},"23":{"start":{"line":110,"column":0},"end":{"line":115,"column":2}}},"fnMap":{"0":{"name":"(anonymous_0)","decl":{"start":{"line":7,"column":2},"end":{"line":7,"column":3}},"loc":{"start":{"line":7,"column":16},"end":{"line":14,"column":3}},"line":7},"1":{"name":"(anonymous_1)","decl":{"start":{"line":16,"column":17},"end":{"line":16,"column":18}},"loc":{"start":{"line":16,"column":23},"end":{"line":25,"column":3}},"line":16},"2":{"name":"(anonymous_2)","decl":{"start":{"line":27,"column":17},"end":{"line":27,"column":18}},"loc":{"start":{"line":27,"column":33},"end":{"line":32,"column":3}},"line":27},"3":{"name":"(anonymous_3)","decl":{"start":{"line":31,"column":7},"end":{"line":31,"column":8}},"loc":{"start":{"line":31,"column":13},"end":{"line":31,"column":32}},"line":31},"4":{"name":"(anonymous_4)","decl":{"start":{"line":34,"column":17},"end":{"line":34,"column":18}},"loc":{"start":{"line":34,"column":28},"end":{"line":43,"column":3}},"line":34},"5":{"name":"(anonymous_5)","decl":{"start":{"line":45,"column":2},"end":{"line":45,"column":3}},"loc":{"start":{"line":45,"column":11},"end":{"line":107,"column":3}},"line":45}},"branchMap":{"0":{"loc":{"start":{"line":21,"column":19},"end":{"line":21,"column":50}},"type":"binary-expr","locations":[{"start":{"line":21,"column":19},"end":{"line":21,"column":31}},{"start":{"line":21,"column":35},"end":{"line":21,"column":50}}],"line":21}},"s":{"0":3,"1":3,"2":3,"3":40,"4":40,"5":40,"6":40,"7":40,"8":40,"9":3,"10":40,"11":40,"12":40,"13":3,"14":1,"15":1,"16":1,"17":1,"18":1,"19":1,"20":83,"21":83,"22":83,"23":2},"f":{"0":3,"1":40,"2":40,"3":40,"4":1,"5":83},"b":{"0":[40,18]},"_coverageSchema":"1a1c01bbd47fc00a2c39e90264f33305004495a9","hash":"5dc404bc09451cc605c96bc684ecfc5ed94a688a"}
,"/home/fernando/Documentos/projects-turma23/sd-023-b-project-trybewallet/src/pages/Wallet.js": {"path":"/home/fernando/Documentos/projects-turma23/sd-023-b-project-trybewallet/src/pages/Wallet.js","statementMap":{"0":{"start":{"line":8,"column":4},"end":{"line":14,"column":6}}},"fnMap":{"0":{"name":"(anonymous_0)","decl":{"start":{"line":7,"column":2},"end":{"line":7,"column":3}},"loc":{"start":{"line":7,"column":11},"end":{"line":15,"column":3}},"line":7}},"branchMap":{},"s":{"0":3},"f":{"0":3},"b":{},"_coverageSchema":"1a1c01bbd47fc00a2c39e90264f33305004495a9","hash":"95a6e44e27cc95e3b823b995aee60a722664b130"}
,"/home/fernando/Documentos/projects-turma23/sd-023-b-project-trybewallet/src/redux/actions/actionTypes.js": {"path":"/home/fernando/Documentos/projects-turma23/sd-023-b-project-trybewallet/src/redux/actions/actionTypes.js","statementMap":{"0":{"start":{"line":1,"column":25},"end":{"line":1,"column":36}},"1":{"start":{"line":2,"column":34},"end":{"line":2,"column":54}},"2":{"start":{"line":3,"column":41},"end":{"line":3,"column":68}},"3":{"start":{"line":4,"column":42},"end":{"line":4,"column":70}},"4":{"start":{"line":5,"column":32},"end":{"line":5,"column":50}},"5":{"start":{"line":6,"column":31},"end":{"line":6,"column":48}},"6":{"start":{"line":7,"column":30},"end":{"line":7,"column":46}},"7":{"start":{"line":8,"column":30},"end":{"line":8,"column":46}},"8":{"start":{"line":9,"column":28},"end":{"line":9,"column":42}}},"fnMap":{},"branchMap":{},"s":{"0":2,"1":2,"2":2,"3":2,"4":2,"5":2,"6":2,"7":2,"8":2},"f":{},"b":{},"_coverageSchema":"1a1c01bbd47fc00a2c39e90264f33305004495a9","hash":"5937c76b8aa44e65875e35cc99cedea8dde92a41"}
,"/home/fernando/Documentos/projects-turma23/sd-023-b-project-trybewallet/src/redux/actions/index.js": {"path":"/home/fernando/Documentos/projects-turma23/sd-023-b-project-trybewallet/src/redux/actions/index.js","statementMap":{"0":{"start":{"line":15,"column":25},"end":{"line":17,"column":2}},"1":{"start":{"line":15,"column":32},"end":{"line":17,"column":1}},"2":{"start":{"line":19,"column":15},"end":{"line":24,"column":1}},"3":{"start":{"line":20,"column":20},"end":{"line":20,"column":38}},"4":{"start":{"line":21,"column":24},"end":{"line":22,"column":17}},"5":{"start":{"line":21,"column":52},"end":{"line":22,"column":15}},"6":{"start":{"line":23,"column":2},"end":{"line":23,"column":23}},"7":{"start":{"line":26,"column":19},"end":{"line":26,"column":47}},"8":{"start":{"line":26,"column":30},"end":{"line":26,"column":47}},"9":{"start":{"line":28,"column":30},"end":{"line":32,"column":2}},"10":{"start":{"line":28,"column":42},"end":{"line":32,"column":1}},"11":{"start":{"line":34,"column":31},"end":{"line":37,"column":2}},"12":{"start":{"line":34,"column":43},"end":{"line":37,"column":1}},"13":{"start":{"line":39,"column":30},"end":{"line":48,"column":1}},"14":{"start":{"line":39,"column":36},"end":{"line":48,"column":1}},"15":{"start":{"line":40,"column":2},"end":{"line":40,"column":31}},"16":{"start":{"line":42,"column":2},"end":{"line":47,"column":3}},"17":{"start":{"line":43,"column":18},"end":{"line":43,"column":34}},"18":{"start":{"line":44,"column":4},"end":{"line":44,"column":43}},"19":{"start":{"line":46,"column":4},"end":{"line":46,"column":44}},"20":{"start":{"line":52,"column":29},"end":{"line":55,"column":2}},"21":{"start":{"line":52,"column":43},"end":{"line":55,"column":1}},"22":{"start":{"line":59,"column":29},"end":{"line":62,"column":2}},"23":{"start":{"line":59,"column":43},"end":{"line":62,"column":1}},"24":{"start":{"line":65,"column":2},"end":{"line":68,"column":4}},"25":{"start":{"line":71,"column":29},"end":{"line":74,"column":2}},"26":{"start":{"line":71,"column":43},"end":{"line":74,"column":1}},"27":{"start":{"line":76,"column":29},"end":{"line":79,"column":2}},"28":{"start":{"line":76,"column":43},"end":{"line":79,"column":1}},"29":{"start":{"line":81,"column":27},"end":{"line":84,"column":2}},"30":{"start":{"line":81,"column":41},"end":{"line":84,"column":1}}},"fnMap":{"0":{"name":"(anonymous_0)","decl":{"start":{"line":15,"column":25},"end":{"line":15,"column":26}},"loc":{"start":{"line":15,"column":32},"end":{"line":17,"column":1}},"line":15},"1":{"name":"(anonymous_1)","decl":{"start":{"line":19,"column":15},"end":{"line":19,"column":16}},"loc":{"start":{"line":19,"column":26},"end":{"line":24,"column":1}},"line":19},"2":{"name":"(anonymous_2)","decl":{"start":{"line":21,"column":41},"end":{"line":21,"column":42}},"loc":{"start":{"line":21,"column":52},"end":{"line":22,"column":15}},"line":21},"3":{"name":"(anonymous_3)","decl":{"start":{"line":26,"column":19},"end":{"line":26,"column":20}},"loc":{"start":{"line":26,"column":30},"end":{"line":26,"column":47}},"line":26},"4":{"name":"(anonymous_4)","decl":{"start":{"line":28,"column":30},"end":{"line":28,"column":31}},"loc":{"start":{"line":28,"column":42},"end":{"line":32,"column":1}},"line":28},"5":{"name":"(anonymous_5)","decl":{"start":{"line":34,"column":31},"end":{"line":34,"column":32}},"loc":{"start":{"line":34,"column":43},"end":{"line":37,"column":1}},"line":34},"6":{"name":"(anonymous_6)","decl":{"start":{"line":39,"column":30},"end":{"line":39,"column":31}},"loc":{"start":{"line":39,"column":36},"end":{"line":48,"column":1}},"line":39},"7":{"name":"(anonymous_7)","decl":{"start":{"line":39,"column":36},"end":{"line":39,"column":37}},"loc":{"start":{"line":39,"column":56},"end":{"line":48,"column":1}},"line":39},"8":{"name":"(anonymous_8)","decl":{"start":{"line":52,"column":29},"end":{"line":52,"column":30}},"loc":{"start":{"line":52,"column":43},"end":{"line":55,"column":1}},"line":52},"9":{"name":"(anonymous_9)","decl":{"start":{"line":59,"column":29},"end":{"line":59,"column":30}},"loc":{"start":{"line":59,"column":43},"end":{"line":62,"column":1}},"line":59},"10":{"name":"saveEmail","decl":{"start":{"line":64,"column":16},"end":{"line":64,"column":25}},"loc":{"start":{"line":64,"column":33},"end":{"line":69,"column":1}},"line":64},"11":{"name":"(anonymous_11)","decl":{"start":{"line":71,"column":29},"end":{"line":71,"column":30}},"loc":{"start":{"line":71,"column":43},"end":{"line":74,"column":1}},"line":71},"12":{"name":"(anonymous_12)","decl":{"start":{"line":76,"column":29},"end":{"line":76,"column":30}},"loc":{"start":{"line":76,"column":43},"end":{"line":79,"column":1}},"line":76},"13":{"name":"(anonymous_13)","decl":{"start":{"line":81,"column":27},"end":{"line":81,"column":28}},"loc":{"start":{"line":81,"column":41},"end":{"line":84,"column":1}},"line":81}},"branchMap":{"0":{"loc":{"start":{"line":21,"column":52},"end":{"line":22,"column":15}},"type":"cond-expr","locations":[{"start":{"line":22,"column":6},"end":{"line":22,"column":10}},{"start":{"line":22,"column":13},"end":{"line":22,"column":15}}],"line":21}},"s":{"0":2,"1":3,"2":2,"3":2,"4":2,"5":32,"6":2,"7":2,"8":2,"9":2,"10":2,"11":2,"12":0,"13":2,"14":3,"15":3,"16":3,"17":3,"18":2,"19":0,"20":2,"21":1,"22":2,"23":1,"24":1,"25":2,"26":0,"27":2,"28":0,"29":2,"30":0},"f":{"0":3,"1":2,"2":32,"3":2,"4":2,"5":0,"6":3,"7":3,"8":1,"9":1,"10":1,"11":0,"12":0,"13":0},"b":{"0":[30,2]},"_coverageSchema":"1a1c01bbd47fc00a2c39e90264f33305004495a9","hash":"ae35a4d64679edb2b52cd0b3a7488c130d3398e2"}
,"/home/fernando/Documentos/projects-turma23/sd-023-b-project-trybewallet/src/redux/reducers/index.js": {"path":"/home/fernando/Documentos/projects-turma23/sd-023-b-project-trybewallet/src/redux/reducers/index.js","statementMap":{"0":{"start":{"line":5,"column":20},"end":{"line":5,"column":53}}},"fnMap":{},"branchMap":{},"s":{"0":2},"f":{},"b":{},"_coverageSchema":"1a1c01bbd47fc00a2c39e90264f33305004495a9","hash":"a7221c284c6f26806f27fe1ba124345a0635398f"}
,"/home/fernando/Documentos/projects-turma23/sd-023-b-project-trybewallet/src/redux/reducers/user.js": {"path":"/home/fernando/Documentos/projects-turma23/sd-023-b-project-trybewallet/src/redux/reducers/user.js","statementMap":{"0":{"start":{"line":3,"column":22},"end":{"line":5,"column":1}},"1":{"start":{"line":7,"column":20},"end":{"line":17,"column":1}},"2":{"start":{"line":8,"column":2},"end":{"line":16,"column":3}},"3":{"start":{"line":10,"column":4},"end":{"line":13,"column":6}},"4":{"start":{"line":15,"column":4},"end":{"line":15,"column":17}}},"fnMap":{"0":{"name":"(anonymous_0)","decl":{"start":{"line":7,"column":20},"end":{"line":7,"column":21}},"loc":{"start":{"line":7,"column":55},"end":{"line":17,"column":1}},"line":7}},"branchMap":{"0":{"loc":{"start":{"line":7,"column":21},"end":{"line":7,"column":42}},"type":"default-arg","locations":[{"start":{"line":7,"column":29},"end":{"line":7,"column":42}}],"line":7},"1":{"loc":{"start":{"line":8,"column":2},"end":{"line":16,"column":3}},"type":"switch","locations":[{"start":{"line":9,"column":2},"end":{"line":13,"column":6}},{"start":{"line":14,"column":2},"end":{"line":15,"column":17}}],"line":8}},"s":{"0":2,"1":2,"2":17,"3":1,"4":16},"f":{"0":17},"b":{"0":[9],"1":[1,16]},"_coverageSchema":"1a1c01bbd47fc00a2c39e90264f33305004495a9","hash":"1f139f566a91fca482361a5a1e93a9bf9b6cf23a"}
,"/home/fernando/Documentos/projects-turma23/sd-023-b-project-trybewallet/src/redux/reducers/wallet.js": {"path":"/home/fernando/Documentos/projects-turma23/sd-023-b-project-trybewallet/src/redux/reducers/wallet.js","statementMap":{"0":{"start":{"line":11,"column":22},"end":{"line":20,"column":1}},"1":{"start":{"line":22,"column":22},"end":{"line":70,"column":1}},"2":{"start":{"line":23,"column":21},"end":{"line":23,"column":70}},"3":{"start":{"line":24,"column":2},"end":{"line":69,"column":3}},"4":{"start":{"line":26,"column":4},"end":{"line":29,"column":6}},"5":{"start":{"line":31,"column":4},"end":{"line":35,"column":6}},"6":{"start":{"line":37,"column":4},"end":{"line":41,"column":6}},"7":{"start":{"line":43,"column":4},"end":{"line":46,"column":6}},"8":{"start":{"line":48,"column":4},"end":{"line":51,"column":6}},"9":{"start":{"line":53,"column":4},"end":{"line":56,"column":6}},"10":{"start":{"line":58,"column":4},"end":{"line":61,"column":6}},"11":{"start":{"line":63,"column":4},"end":{"line":67,"column":6}},"12":{"start":{"line":68,"column":11},"end":{"line":68,"column":24}}},"fnMap":{"0":{"name":"(anonymous_0)","decl":{"start":{"line":22,"column":22},"end":{"line":22,"column":23}},"loc":{"start":{"line":22,"column":57},"end":{"line":70,"column":1}},"line":22}},"branchMap":{"0":{"loc":{"start":{"line":22,"column":23},"end":{"line":22,"column":44}},"type":"default-arg","locations":[{"start":{"line":22,"column":31},"end":{"line":22,"column":44}}],"line":22},"1":{"loc":{"start":{"line":24,"column":2},"end":{"line":69,"column":3}},"type":"switch","locations":[{"start":{"line":25,"column":2},"end":{"line":29,"column":6}},{"start":{"line":30,"column":2},"end":{"line":35,"column":6}},{"start":{"line":36,"column":2},"end":{"line":41,"column":6}},{"start":{"line":42,"column":2},"end":{"line":46,"column":6}},{"start":{"line":47,"column":2},"end":{"line":51,"column":6}},{"start":{"line":52,"column":2},"end":{"line":56,"column":6}},{"start":{"line":57,"column":2},"end":{"line":61,"column":6}},{"start":{"line":62,"column":2},"end":{"line":67,"column":6}},{"start":{"line":68,"column":2},"end":{"line":68,"column":24}}],"line":24}},"s":{"0":2,"1":2,"2":17,"3":17,"4":3,"5":0,"6":2,"7":1,"8":1,"9":0,"10":0,"11":0,"12":10},"f":{"0":17},"b":{"0":[9],"1":[3,0,2,1,1,0,0,0,10]},"_coverageSchema":"1a1c01bbd47fc00a2c39e90264f33305004495a9","hash":"90a15a290b27b0135849932ad92bae3a6b609d02"}
,"/home/fernando/Documentos/projects-turma23/sd-023-b-project-trybewallet/src/services/fetchApi.js": {"path":"/home/fernando/Documentos/projects-turma23/sd-023-b-project-trybewallet/src/services/fetchApi.js","statementMap":{"0":{"start":{"line":1,"column":17},"end":{"line":7,"column":1}},"1":{"start":{"line":2,"column":14},"end":{"line":2,"column":59}},"2":{"start":{"line":3,"column":18},"end":{"line":3,"column":34}},"3":{"start":{"line":4,"column":19},"end":{"line":4,"column":39}},"4":{"start":{"line":6,"column":2},"end":{"line":6,"column":18}}},"fnMap":{"0":{"name":"(anonymous_0)","decl":{"start":{"line":1,"column":17},"end":{"line":1,"column":18}},"loc":{"start":{"line":1,"column":29},"end":{"line":7,"column":1}},"line":1}},"branchMap":{},"s":{"0":2,"1":4,"2":4,"3":3,"4":3},"f":{"0":4},"b":{},"_coverageSchema":"1a1c01bbd47fc00a2c39e90264f33305004495a9","hash":"3464f33ad9ba250caff2b34c74ac00c68506fa21"}
}
