{"total": {"lines":{"total":154,"covered":119,"skipped":0,"pct":77.27},"statements":{"total":172,"covered":129,"skipped":0,"pct":75},"functions":{"total":48,"covered":34,"skipped":0,"pct":70.83},"branches":{"total":24,"covered":16,"skipped":0,"pct":66.66},"branchesTrue":{"total":0,"covered":0,"skipped":0,"pct":100}}
,"/home/fernando/Documentos/projects-turma23/sd-023-b-project-trybewallet/src/App.js": {"lines":{"total":1,"covered":1,"skipped":0,"pct":100},"functions":{"total":1,"covered":1,"skipped":0,"pct":100},"statements":{"total":1,"covered":1,"skipped":0,"pct":100},"branches":{"total":0,"covered":0,"skipped":0,"pct":100}}
,"/home/fernando/Documentos/projects-turma23/sd-023-b-project-trybewallet/src/components/Header.js": {"lines":{"total":4,"covered":4,"skipped":0,"pct":100},"functions":{"total":2,"covered":2,"skipped":0,"pct":100},"statements":{"total":5,"covered":5,"skipped":0,"pct":100},"branches":{"total":0,"covered":0,"skipped":0,"pct":100}}
,"/home/fernando/Documentos/projects-turma23/sd-023-b-project-trybewallet/src/components/Table.js": {"lines":{"total":20,"covered":7,"skipped":0,"pct":35},"functions":{"total":9,"covered":3,"skipped":0,"pct":33.33},"statements":{"total":23,"covered":8,"skipped":0,"pct":34.78},"branches":{"total":0,"covered":0,"skipped":0,"pct":100}}
,"/home/fernando/Documentos/projects-turma23/sd-023-b-project-trybewallet/src/components/WalletForm.js": {"lines":{"total":44,"covered":29,"skipped":0,"pct":65.9},"functions":{"total":10,"covered":7,"skipped":0,"pct":70},"statements":{"total":46,"covered":30,"skipped":0,"pct":65.21},"branches":{"total":4,"covered":2,"skipped":0,"pct":50}}
,"/home/fernando/Documentos/projects-turma23/sd-023-b-project-trybewallet/src/pages/Login.js": {"lines":{"total":24,"covered":24,"skipped":0,"pct":100},"functions":{"total":6,"covered":6,"skipped":0,"pct":100},"statements":{"total":24,"covered":24,"skipped":0,"pct":100},"branches":{"total":2,"covered":2,"skipped":0,"pct":100}}
,"/home/fernando/Documentos/projects-turma23/sd-023-b-project-trybewallet/src/pages/Wallet.js": {"lines":{"total":1,"covered":1,"skipped":0,"pct":100},"functions":{"total":1,"covered":1,"skipped":0,"pct":100},"statements":{"total":1,"covered":1,"skipped":0,"pct":100},"branches":{"total":0,"covered":0,"skipped":0,"pct":100}}
,"/home/fernando/Documentos/projects-turma23/sd-023-b-project-trybewallet/src/redux/actions/actionTypes.js": {"lines":{"total":10,"covered":10,"skipped":0,"pct":100},"functions":{"total":0,"covered":0,"skipped":0,"pct":100},"statements":{"total":10,"covered":10,"skipped":0,"pct":100},"branches":{"total":0,"covered":0,"skipped":0,"pct":100}}
,"/home/fernando/Documentos/projects-turma23/sd-023-b-project-trybewallet/src/redux/actions/index.js": {"lines":{"total":21,"covered":20,"skipped":0,"pct":95.23},"functions":{"total":15,"covered":10,"skipped":0,"pct":66.66},"statements":{"total":33,"covered":27,"skipped":0,"pct":81.81},"branches":{"total":2,"covered":2,"skipped":0,"pct":100}}
,"/home/fernando/Documentos/projects-turma23/sd-023-b-project-trybewallet/src/redux/reducers/index.js": {"lines":{"total":1,"covered":1,"skipped":0,"pct":100},"functions":{"total":0,"covered":0,"skipped":0,"pct":100},"statements":{"total":1,"covered":1,"skipped":0,"pct":100},"branches":{"total":0,"covered":0,"skipped":0,"pct":100}}
,"/home/fernando/Documentos/projects-turma23/sd-023-b-project-trybewallet/src/redux/reducers/user.js": {"lines":{"total":5,"covered":5,"skipped":0,"pct":100},"functions":{"total":1,"covered":1,"skipped":0,"pct":100},"statements":{"total":5,"covered":5,"skipped":0,"pct":100},"branches":{"total":3,"covered":3,"skipped":0,"pct":100}}
,"/home/fernando/Documentos/projects-turma23/sd-023-b-project-trybewallet/src/redux/reducers/wallet.js": {"lines":{"total":18,"covered":12,"skipped":0,"pct":66.66},"functions":{"total":2,"covered":2,"skipped":0,"pct":100},"statements":{"total":18,"covered":12,"skipped":0,"pct":66.66},"branches":{"total":13,"covered":7,"skipped":0,"pct":53.84}}
,"/home/fernando/Documentos/projects-turma23/sd-023-b-project-trybewallet/src/services/fetchApi.js": {"lines":{"total":5,"covered":5,"skipped":0,"pct":100},"functions":{"total":1,"covered":1,"skipped":0,"pct":100},"statements":{"total":5,"covered":5,"skipped":0,"pct":100},"branches":{"total":0,"covered":0,"skipped":0,"pct":100}}
}
