TN:
SF:src/App.js
FN:6,App
FNF:1
FNH:1
FNDA:5,App
DA:7,5
LF:1
LH:1
BRF:0
BRH:0
end_of_record
TN:
SF:src/components/Header.js
FN:6,(anonymous_0)
FN:29,(anonymous_1)
FNF:2
FNH:2
FNDA:3,(anonymous_0)
FNDA:10,(anonymous_1)
DA:7,3
DA:8,3
DA:29,10
DA:34,2
LF:4
LH:4
BRF:0
BRH:0
end_of_record
TN:
SF:src/components/Table.js
FN:7,(anonymous_0)
FN:9,(anonymous_1)
FN:12,(anonymous_2)
FN:22,(anonymous_3)
FN:28,(anonymous_4)
FN:47,(anonymous_5)
FN:61,(anonymous_6)
FN:83,(anonymous_7)
FNF:8
FNH:3
FNDA:0,(anonymous_0)
FNDA:0,(anonymous_1)
FNDA:0,(anonymous_2)
FNDA:0,(anonymous_3)
FNDA:4,(anonymous_4)
FNDA:1,(anonymous_5)
FNDA:0,(anonymous_6)
FNDA:10,(anonymous_7)
DA:7,3
DA:8,0
DA:9,0
DA:10,0
DA:11,0
DA:12,0
DA:13,0
DA:14,0
DA:15,0
DA:16,0
DA:17,0
DA:19,0
DA:22,3
DA:23,0
DA:25,0
DA:29,4
DA:30,4
DA:48,1
DA:61,0
DA:83,10
DA:87,2
LF:21
LH:7
BRF:0
BRH:0
end_of_record
TN:
SF:src/components/WalletForm.js
FN:20,(anonymous_0)
FN:25,(anonymous_1)
FN:33,(anonymous_2)
FN:61,(anonymous_3)
FN:65,(anonymous_4)
FN:80,(anonymous_5)
FN:110,(anonymous_6)
FN:159,(anonymous_7)
FN:179,(anonymous_8)
FNF:9
FNH:7
FNDA:3,(anonymous_0)
FNDA:14,(anonymous_1)
FNDA:1,(anonymous_2)
FNDA:0,(anonymous_3)
FNDA:21,(anonymous_4)
FNDA:0,(anonymous_5)
FNDA:60,(anonymous_6)
FNDA:105,(anonymous_7)
FNDA:10,(anonymous_8)
DA:8,2
DA:11,3
DA:21,3
DA:22,3
DA:25,3
DA:26,14
DA:27,14
DA:28,14
DA:33,3
DA:34,1
DA:35,1
DA:36,1
DA:37,1
DA:38,1
DA:41,1
DA:50,1
DA:51,1
DA:52,1
DA:61,3
DA:62,0
DA:66,21
DA:67,21
DA:68,21
DA:70,21
DA:78,21
DA:80,0
DA:85,21
DA:111,60
DA:160,105
DA:179,10
DA:184,2
LF:31
LH:29
BRDA:27,0,0,0
BRDA:27,0,1,14
BRDA:172,1,0,0
BRDA:172,1,1,21
BRF:4
BRH:2
end_of_record
TN:
SF:src/pages/Login.js
FN:7,(anonymous_0)
FN:16,(anonymous_1)
FN:27,(anonymous_2)
FN:31,(anonymous_3)
FN:34,(anonymous_4)
FN:45,(anonymous_5)
FNF:6
FNH:6
FNDA:3,(anonymous_0)
FNDA:40,(anonymous_1)
FNDA:40,(anonymous_2)
FNDA:40,(anonymous_3)
FNDA:1,(anonymous_4)
FNDA:83,(anonymous_5)
DA:8,3
DA:9,3
DA:16,3
DA:17,40
DA:18,40
DA:19,40
DA:20,40
DA:21,40
DA:22,40
DA:27,3
DA:28,40
DA:29,40
DA:31,40
DA:34,3
DA:35,1
DA:37,1
DA:38,1
DA:39,1
DA:41,1
DA:42,1
DA:46,83
DA:48,83
DA:87,83
DA:110,2
LF:24
LH:24
BRDA:21,0,0,40
BRDA:21,0,1,18
BRF:2
BRH:2
end_of_record
TN:
SF:src/pages/Wallet.js
FN:7,(anonymous_0)
FNF:1
FNH:1
FNDA:3,(anonymous_0)
DA:8,3
LF:1
LH:1
BRF:0
BRH:0
end_of_record
TN:
SF:src/redux/actions/actionTypes.js
FNF:0
FNH:0
DA:1,2
DA:2,2
DA:3,2
DA:4,2
DA:5,2
DA:6,2
DA:7,2
DA:8,2
DA:9,2
LF:9
LH:9
BRF:0
BRH:0
end_of_record
TN:
SF:src/redux/actions/index.js
FN:15,(anonymous_0)
FN:19,(anonymous_1)
FN:21,(anonymous_2)
FN:26,(anonymous_3)
FN:28,(anonymous_4)
FN:34,(anonymous_5)
FN:39,(anonymous_6)
FN:39,(anonymous_7)
FN:52,(anonymous_8)
FN:59,(anonymous_9)
FN:64,saveEmail
FN:71,(anonymous_11)
FN:76,(anonymous_12)
FN:81,(anonymous_13)
FNF:14
FNH:10
FNDA:3,(anonymous_0)
FNDA:2,(anonymous_1)
FNDA:32,(anonymous_2)
FNDA:2,(anonymous_3)
FNDA:2,(anonymous_4)
FNDA:0,(anonymous_5)
FNDA:3,(anonymous_6)
FNDA:3,(anonymous_7)
FNDA:1,(anonymous_8)
FNDA:1,(anonymous_9)
FNDA:1,saveEmail
FNDA:0,(anonymous_11)
FNDA:0,(anonymous_12)
FNDA:0,(anonymous_13)
DA:15,3
DA:19,2
DA:20,2
DA:21,32
DA:23,2
DA:26,2
DA:28,2
DA:34,2
DA:39,3
DA:40,3
DA:42,3
DA:43,3
DA:44,2
DA:46,0
DA:52,2
DA:59,2
DA:65,1
DA:71,2
DA:76,2
DA:81,2
LF:20
LH:19
BRDA:21,0,0,30
BRDA:21,0,1,2
BRF:2
BRH:2
end_of_record
TN:
SF:src/redux/reducers/index.js
FNF:0
FNH:0
DA:5,2
LF:1
LH:1
BRF:0
BRH:0
end_of_record
TN:
SF:src/redux/reducers/user.js
FN:7,(anonymous_0)
FNF:1
FNH:1
FNDA:17,(anonymous_0)
DA:3,2
DA:7,2
DA:8,17
DA:10,1
DA:15,16
LF:5
LH:5
BRDA:7,0,0,9
BRDA:8,1,0,1
BRDA:8,1,1,16
BRF:3
BRH:3
end_of_record
TN:
SF:src/redux/reducers/wallet.js
FN:22,(anonymous_0)
FNF:1
FNH:1
FNDA:17,(anonymous_0)
DA:11,2
DA:22,2
DA:23,17
DA:24,17
DA:26,3
DA:31,0
DA:37,2
DA:43,1
DA:48,1
DA:53,0
DA:58,0
DA:63,0
DA:68,10
LF:13
LH:9
BRDA:22,0,0,9
BRDA:24,1,0,3
BRDA:24,1,1,0
BRDA:24,1,2,2
BRDA:24,1,3,1
BRDA:24,1,4,1
BRDA:24,1,5,0
BRDA:24,1,6,0
BRDA:24,1,7,0
BRDA:24,1,8,10
BRF:10
BRH:6
end_of_record
TN:
SF:src/services/fetchApi.js
FN:1,(anonymous_0)
FNF:1
FNH:1
FNDA:4,(anonymous_0)
DA:1,2
DA:2,4
DA:3,4
DA:4,3
DA:6,3
LF:5
LH:5
BRF:0
BRH:0
end_of_record
